0 info it worked if it ends with ok
1 verbose cli [ '/home/ubuntu/.nvm/versions/node/v4.1.1/bin/node',
1 verbose cli   '/home/ubuntu/.nvm/versions/node/v4.1.1/bin/npm',
1 verbose cli   'start' ]
2 info using npm@2.14.4
3 info using node@v4.1.1
4 verbose config Skipping project config: /home/ubuntu/.npmrc. (matches userconfig)
5 verbose stack Error: ENOENT: no such file or directory, open '/home/ubuntu/package.json'
5 verbose stack     at Error (native)
6 verbose cwd /home/ubuntu/workspace
7 error Linux 3.14.13-c9
8 error argv "/home/ubuntu/.nvm/versions/node/v4.1.1/bin/node" "/home/ubuntu/.nvm/versions/node/v4.1.1/bin/npm" "start"
9 error node v4.1.1
10 error npm  v2.14.4
11 error path /home/ubuntu/package.json
12 error code ENOENT
13 error errno -2
14 error syscall open
15 error enoent ENOENT: no such file or directory, open '/home/ubuntu/package.json'
15 error enoent This is most likely not a problem with npm itself
15 error enoent and is related to npm not being able to find a file.
16 verbose exit [ -2, true ]
